<?xml version="1.0" encoding="UTF-8"?>
<!-- Generated by org.testng.reporters.JUnitXMLReporter -->
<testsuite ignored="0" hostname="Uma" failures="1" tests="2" name="Error Validation" time="19.95" errors="0" timestamp="13 Jun 2024 19:47:30 GMT">
  <testcase classname="umadinu.ErrorValidationTest" name="ProductErrorValidation" time="4.541"/>
  <testcase classname="umadinu.ErrorValidationTest" name="loginErrorValidation" time="0.719">
    <failure type="org.junit.ComparisonFailure" message="expected:&amp;lt;Incorrect email []password.&amp;gt; but was:&amp;lt;Incorrect email [or ]password.&amp;gt;">
      <![CDATA[org.junit.ComparisonFailure: expected:<Incorrect email []password.> but was:<Incorrect email [or ]password.>
at org.junit.Assert.assertEquals(Assert.java:117)
at org.junit.Assert.assertEquals(Assert.java:146)
at umadinu.ErrorValidationTest.loginErrorValidation(ErrorValidationTest.java:22)
at java.base/java.util.concurrent.FutureTask.run(FutureTask.java:264)
at java.base/java.util.concurrent.ThreadPoolExecutor.runWorker(ThreadPoolExecutor.java:1136)
at java.base/java.util.concurrent.ThreadPoolExecutor$Worker.run(ThreadPoolExecutor.java:635)
at java.base/java.lang.Thread.run(Thread.java:840)
... Removed 16 stack frames]]>
    </failure>
  </testcase> <!-- loginErrorValidation -->
</testsuite> <!-- Error Validation -->
