<?xml version="1.0" encoding="UTF-8"?>
<!-- Generated by org.testng.reporters.JUnitXMLReporter -->
<testsuite ignored="0" hostname="Uma" failures="0" tests="3" name="SubmitOrderHashMap" time="29.404" errors="0" timestamp="19 May 2024 23:24:19 GMT">
  <testcase classname="umadinu.SubmitOrderDatProvHashMap" name="SubmitOrder" time="4.524"/>
  <testcase classname="umadinu.SubmitOrderDatProvHashMap" name="SubmitOrder" time="4.412"/>
  <testcase classname="umadinu.SubmitOrderDatProvHashMap" name="OrdersPage" time="1.655"/>
</testsuite> <!-- SubmitOrderHashMap -->
