<?xml version="1.0" encoding="UTF-8"?>
<!-- Generated by org.testng.reporters.JUnitXMLReporter -->
<testsuite ignored="1" hostname="Uma" failures="0" tests="2" name="SubmitOrderDataProvider" time="20.793" errors="0" timestamp="19 May 2024 22:32:31 GMT">
  <testcase classname="umadinu.SubmitOrderDataProvider" name="SubmitOrder" time="4.496"/>
  <testcase classname="umadinu.SubmitOrderDataProvider" name="SubmitOrder" time="4.321"/>
  <testcase classname="umadinu.SubmitOrderDataProvider" name="OrdersPage" time="0.0">
    <ignored/>
  </testcase> <!-- OrdersPage -->
</testsuite> <!-- SubmitOrderDataProvider -->
