<?xml version="1.0" encoding="UTF-8"?>
<!-- Generated by org.testng.reporters.JUnitXMLReporter -->
<testsuite ignored="0" hostname="Uma" failures="0" tests="3" name="SubmitOrder Json File" time="34.848" errors="0" timestamp="13 Jun 2024 18:27:01 GMT">
  <testcase classname="umadinu.SubmitOrderJSONFile" name="SubmitOrder" time="5.383"/>
  <testcase classname="umadinu.SubmitOrderJSONFile" name="SubmitOrder" time="4.837"/>
  <testcase classname="umadinu.SubmitOrderJSONFile" name="OrdersPage" time="1.667"/>
</testsuite> <!-- SubmitOrder Json File -->
