<?xml version="1.0" encoding="UTF-8"?>
<!-- Generated by org.testng.reporters.JUnitXMLReporter -->
<testsuite hostname="Uma" ignored="0" name="Error Validation" tests="2" failures="1" timestamp="13 Jun 2024 19:55:21 GMT" time="19.803" errors="0">
  <testcase name="ProductErrorValidation" time="3.977" classname="umadinu.ErrorValidationTest"/>
  <testcase name="loginErrorValidation" time="0.714" classname="umadinu.ErrorValidationTest">
    <failure type="org.junit.ComparisonFailure" message="expected:&amp;lt;Incorrect email []password.&amp;gt; but was:&amp;lt;Incorrect email [or ]password.&amp;gt;">
      <![CDATA[org.junit.ComparisonFailure: expected:<Incorrect email []password.> but was:<Incorrect email [or ]password.>
at org.junit.Assert.assertEquals(Assert.java:117)
at org.junit.Assert.assertEquals(Assert.java:146)
at umadinu.ErrorValidationTest.loginErrorValidation(ErrorValidationTest.java:22)
at java.util.concurrent.FutureTask.run(FutureTask.java:266)
at java.util.concurrent.ThreadPoolExecutor.runWorker(ThreadPoolExecutor.java:1149)
at java.util.concurrent.ThreadPoolExecutor$Worker.run(ThreadPoolExecutor.java:624)
at java.lang.Thread.run(Thread.java:748)
... Removed 16 stack frames]]>
    </failure>
  </testcase> <!-- loginErrorValidation -->
</testsuite> <!-- Error Validation -->
