<?xml version="1.0" encoding="UTF-8"?>
<testng-results skipped="0" failed="1" ignored="0" total="4" passed="3">
  <reporter-output>
  </reporter-output>
  <suite name="Suite" duration-ms="22761" started-at="2024-06-13T19:55:01Z" finished-at="2024-06-13T19:55:24Z">
    <groups>
      <group name="ErrorHandling">
        <method signature="ErrorValidationTest.loginErrorValidation()[pri:0, instance:umadinu.ErrorValidationTest@6ff29830]" name="loginErrorValidation" class="umadinu.ErrorValidationTest"/>
      </group> <!-- ErrorHandling -->
    </groups>
    <test name="Error Validation" duration-ms="19803" started-at="2024-06-13T19:55:01Z" finished-at="2024-06-13T19:55:21Z">
      <class name="umadinu.ErrorValidationTest">
        <test-method status="PASS" signature="launchApplication()[pri:0, instance:umadinu.ErrorValidationTest@6ff29830]" name="launchApplication" is-config="true" duration-ms="8174" started-at="2024-06-13T19:55:01Z" finished-at="2024-06-13T19:55:09Z">
          <reporter-output>
          </reporter-output>
        </test-method> <!-- launchApplication -->
        <test-method status="PASS" signature="ProductErrorValidation()[pri:0, instance:umadinu.ErrorValidationTest@6ff29830]" name="ProductErrorValidation" duration-ms="3977" started-at="2024-06-13T19:55:09Z" finished-at="2024-06-13T19:55:13Z">
          <reporter-output>
          </reporter-output>
        </test-method> <!-- ProductErrorValidation -->
        <test-method status="PASS" signature="teardown()[pri:0, instance:umadinu.ErrorValidationTest@6ff29830]" name="teardown" is-config="true" duration-ms="234" started-at="2024-06-13T19:55:13Z" finished-at="2024-06-13T19:55:14Z">
          <reporter-output>
          </reporter-output>
        </test-method> <!-- teardown -->
        <test-method status="PASS" signature="launchApplication()[pri:0, instance:umadinu.ErrorValidationTest@6ff29830]" name="launchApplication" is-config="true" duration-ms="6089" started-at="2024-06-13T19:55:14Z" finished-at="2024-06-13T19:55:20Z">
          <reporter-output>
          </reporter-output>
        </test-method> <!-- launchApplication -->
        <test-method status="FAIL" signature="loginErrorValidation()[pri:0, instance:umadinu.ErrorValidationTest@6ff29830]" name="loginErrorValidation" duration-ms="714" started-at="2024-06-13T19:55:20Z" finished-at="2024-06-13T19:55:21Z">
          <exception class="org.junit.ComparisonFailure">
            <message>
              <![CDATA[expected:<Incorrect email []password.> but was:<Incorrect email [or ]password.>]]>
            </message>
            <full-stacktrace>
              <![CDATA[org.junit.ComparisonFailure: expected:<Incorrect email []password.> but was:<Incorrect email [or ]password.>
at org.junit.Assert.assertEquals(Assert.java:117)
at org.junit.Assert.assertEquals(Assert.java:146)
at umadinu.ErrorValidationTest.loginErrorValidation(ErrorValidationTest.java:22)
at sun.reflect.NativeMethodAccessorImpl.invoke0(Native Method)
at sun.reflect.NativeMethodAccessorImpl.invoke(NativeMethodAccessorImpl.java:62)
at sun.reflect.DelegatingMethodAccessorImpl.invoke(DelegatingMethodAccessorImpl.java:43)
at java.lang.reflect.Method.invoke(Method.java:498)
at org.testng.internal.MethodInvocationHelper.invokeMethod(MethodInvocationHelper.java:124)
at org.testng.internal.Invoker.invokeMethod(Invoker.java:583)
at org.testng.internal.Invoker.invokeTestMethod(Invoker.java:719)
at org.testng.internal.Invoker.invokeTestMethods(Invoker.java:989)
at org.testng.internal.TestMethodWorker.invokeTestMethods(TestMethodWorker.java:125)
at org.testng.internal.TestMethodWorker.run(TestMethodWorker.java:109)
at org.testng.TestRunner.privateRun(TestRunner.java:648)
at org.testng.TestRunner.run(TestRunner.java:505)
at org.testng.SuiteRunner.runTest(SuiteRunner.java:455)
at org.testng.SuiteRunner.access$000(SuiteRunner.java:40)
at org.testng.SuiteRunner$SuiteWorker.run(SuiteRunner.java:489)
at org.testng.internal.thread.ThreadUtil$1.call(ThreadUtil.java:52)
at java.util.concurrent.FutureTask.run(FutureTask.java:266)
at java.util.concurrent.ThreadPoolExecutor.runWorker(ThreadPoolExecutor.java:1149)
at java.util.concurrent.ThreadPoolExecutor$Worker.run(ThreadPoolExecutor.java:624)
at java.lang.Thread.run(Thread.java:748)
]]>
            </full-stacktrace>
          </exception> <!-- org.junit.ComparisonFailure -->
          <reporter-output>
          </reporter-output>
        </test-method> <!-- loginErrorValidation -->
        <test-method status="PASS" signature="teardown()[pri:0, instance:umadinu.ErrorValidationTest@6ff29830]" name="teardown" is-config="true" duration-ms="113" started-at="2024-06-13T19:55:21Z" finished-at="2024-06-13T19:55:21Z">
          <reporter-output>
          </reporter-output>
        </test-method> <!-- teardown -->
      </class> <!-- umadinu.ErrorValidationTest -->
    </test> <!-- Error Validation -->
    <test name="Submit Order Test2" duration-ms="22761" started-at="2024-06-13T19:55:01Z" finished-at="2024-06-13T19:55:24Z">
      <class name="umadinu.SubmitOrderTest2">
        <test-method status="PASS" signature="launchApplication()[pri:0, instance:umadinu.SubmitOrderTest2@e4487af]" name="launchApplication" is-config="true" duration-ms="8974" started-at="2024-06-13T19:55:01Z" finished-at="2024-06-13T19:55:10Z">
          <reporter-output>
          </reporter-output>
        </test-method> <!-- launchApplication -->
        <test-method status="PASS" signature="SubmitOrder()[pri:0, instance:umadinu.SubmitOrderTest2@e4487af]" name="SubmitOrder" duration-ms="6030" started-at="2024-06-13T19:55:10Z" finished-at="2024-06-13T19:55:16Z">
          <reporter-output>
          </reporter-output>
        </test-method> <!-- SubmitOrder -->
        <test-method status="PASS" signature="teardown()[pri:0, instance:umadinu.SubmitOrderTest2@e4487af]" name="teardown" is-config="true" duration-ms="138" started-at="2024-06-13T19:55:16Z" finished-at="2024-06-13T19:55:16Z">
          <reporter-output>
          </reporter-output>
        </test-method> <!-- teardown -->
        <test-method status="PASS" signature="launchApplication()[pri:0, instance:umadinu.SubmitOrderTest2@e4487af]" name="launchApplication" is-config="true" duration-ms="5745" started-at="2024-06-13T19:55:16Z" finished-at="2024-06-13T19:55:22Z">
          <reporter-output>
          </reporter-output>
        </test-method> <!-- launchApplication -->
        <test-method status="PASS" signature="OrdersPage()[pri:0, instance:umadinu.SubmitOrderTest2@e4487af]" name="OrdersPage" duration-ms="1754" started-at="2024-06-13T19:55:22Z" depends-on-methods="umadinu.SubmitOrderTest2.SubmitOrder" finished-at="2024-06-13T19:55:24Z">
          <reporter-output>
          </reporter-output>
        </test-method> <!-- OrdersPage -->
        <test-method status="PASS" signature="teardown()[pri:0, instance:umadinu.SubmitOrderTest2@e4487af]" name="teardown" is-config="true" duration-ms="96" started-at="2024-06-13T19:55:24Z" finished-at="2024-06-13T19:55:24Z">
          <reporter-output>
          </reporter-output>
        </test-method> <!-- teardown -->
      </class> <!-- umadinu.SubmitOrderTest2 -->
    </test> <!-- Submit Order Test2 -->
  </suite> <!-- Suite -->
</testng-results>
