<?xml version="1.0" encoding="UTF-8"?>
<testng-results ignored="0" total="2" passed="2" failed="0" skipped="0">
  <reporter-output>
  </reporter-output>
  <suite started-at="2024-09-30T13:34:31Z" name="Default suite" finished-at="2024-09-30T13:34:49Z" duration-ms="17759">
    <groups>
    </groups>
    <test started-at="2024-09-30T13:34:31Z" name="Default test" finished-at="2024-09-30T13:34:49Z" duration-ms="17759">
      <class name="umadinu.SubmitOrderTest2">
        <test-method is-config="true" signature="launchApplication()[pri:0, instance:umadinu.SubmitOrderTest2@54e7df6a]" started-at="2024-09-30T13:34:31Z" name="launchApplication" finished-at="2024-09-30T13:34:38Z" duration-ms="6952" status="PASS">
          <reporter-output>
          </reporter-output>
        </test-method> <!-- launchApplication -->
        <test-method signature="SubmitOrder()[pri:0, instance:umadinu.SubmitOrderTest2@54e7df6a]" started-at="2024-09-30T13:34:38Z" name="SubmitOrder" finished-at="2024-09-30T13:34:43Z" duration-ms="5158" status="PASS">
          <reporter-output>
          </reporter-output>
        </test-method> <!-- SubmitOrder -->
        <test-method is-config="true" signature="teardown()[pri:0, instance:umadinu.SubmitOrderTest2@54e7df6a]" started-at="2024-09-30T13:34:43Z" name="teardown" finished-at="2024-09-30T13:34:43Z" duration-ms="143" status="PASS">
          <reporter-output>
          </reporter-output>
        </test-method> <!-- teardown -->
        <test-method is-config="true" signature="launchApplication()[pri:0, instance:umadinu.SubmitOrderTest2@54e7df6a]" started-at="2024-09-30T13:34:43Z" name="launchApplication" finished-at="2024-09-30T13:34:47Z" duration-ms="3994" status="PASS">
          <reporter-output>
          </reporter-output>
        </test-method> <!-- launchApplication -->
        <test-method signature="OrdersPage()[pri:0, instance:umadinu.SubmitOrderTest2@54e7df6a]" started-at="2024-09-30T13:34:47Z" name="OrdersPage" finished-at="2024-09-30T13:34:48Z" depends-on-methods="umadinu.SubmitOrderTest2.SubmitOrder" duration-ms="1219" status="PASS">
          <reporter-output>
          </reporter-output>
        </test-method> <!-- OrdersPage -->
        <test-method is-config="true" signature="teardown()[pri:0, instance:umadinu.SubmitOrderTest2@54e7df6a]" started-at="2024-09-30T13:34:48Z" name="teardown" finished-at="2024-09-30T13:34:49Z" duration-ms="261" status="PASS">
          <reporter-output>
          </reporter-output>
        </test-method> <!-- teardown -->
      </class> <!-- umadinu.SubmitOrderTest2 -->
    </test> <!-- Default test -->
  </suite> <!-- Default suite -->
</testng-results>
